2025-08-25 17:18:18.173 [info] Reading sessions from keychain...
2025-08-25 17:18:18.173 [info] Getting sessions for all scopes...
2025-08-25 17:18:18.173 [info] Got 0 sessions for ...
2025-08-25 17:18:18.173 [info] Getting sessions for all scopes...
2025-08-25 17:18:18.173 [info] Got 0 sessions for ...
2025-08-25 17:18:18.173 [info] Getting sessions for all scopes...
2025-08-25 17:18:18.173 [info] Got 0 sessions for ...
2025-08-25 17:18:18.173 [info] Getting sessions for all scopes...
2025-08-25 17:18:18.173 [info] Got 0 sessions for ...
2025-08-25 17:18:18.173 [info] Getting sessions for all scopes...
2025-08-25 17:18:18.173 [info] Got 0 sessions for ...
2025-08-25 17:18:18.173 [info] Getting sessions for all scopes...
2025-08-25 17:18:18.173 [info] Got 0 sessions for ...
2025-08-25 17:18:18.173 [info] Getting sessions for all scopes...
2025-08-25 17:18:18.173 [info] Got 0 sessions for ...
2025-08-25 17:18:18.173 [info] Getting sessions for all scopes...
2025-08-25 17:18:18.173 [info] Got 0 sessions for ...
2025-08-25 17:18:18.173 [info] Getting sessions for all scopes...
2025-08-25 17:18:18.173 [info] Got 0 sessions for ...
2025-08-25 17:18:18.173 [info] Getting sessions for all scopes...
2025-08-25 17:18:18.173 [info] Got 0 sessions for ...
2025-08-25 17:18:18.173 [info] Getting sessions for all scopes...
2025-08-25 17:18:18.173 [info] Got 0 sessions for ...
2025-08-25 17:18:18.173 [info] Getting sessions for all scopes...
2025-08-25 17:18:18.173 [info] Got 0 sessions for ...
2025-08-25 17:18:18.173 [info] Getting sessions for all scopes...
2025-08-25 17:18:18.173 [info] Got 0 sessions for ...
2025-08-25 17:18:18.173 [info] Getting sessions for all scopes...
2025-08-25 17:18:18.173 [info] Got 0 sessions for ...
2025-08-25 17:18:18.918 [info] Getting sessions for all scopes...
2025-08-25 17:18:18.918 [info] Got 0 sessions for ...
2025-08-25 17:18:19.348 [info] Getting sessions for all scopes...
2025-08-25 17:18:19.348 [info] Got 0 sessions for ...
2025-08-25 17:18:19.348 [info] Getting sessions for all scopes...
2025-08-25 17:18:19.348 [info] Got 0 sessions for ...
2025-08-25 17:18:19.355 [info] Getting sessions for all scopes...
2025-08-25 17:18:19.355 [info] Got 0 sessions for ...
2025-08-25 17:23:08.050 [info] Getting sessions for read:user,repo,user:email,workflow...
2025-08-25 17:23:08.050 [info] Got 0 sessions for read:user,repo,user:email,workflow...
2025-08-25 17:23:12.197 [info] Logging in with 'any' account...
2025-08-25 17:23:12.197 [info] Logging in for the following scopes: read:user repo user:email workflow
2025-08-25 17:23:12.269 [info] Trying with local server... (read:user repo user:email workflow)
2025-08-25 17:23:22.324 [info] Exchanging code for token...
2025-08-25 17:23:22.771 [info] Token exchange success!
2025-08-25 17:23:22.773 [info] Getting user info...
2025-08-25 17:23:23.216 [info] Got account info!
2025-08-25 17:23:23.218 [info] Storing 1 sessions...
2025-08-25 17:23:23.227 [info] Reading sessions from keychain...
2025-08-25 17:23:23.227 [info] Stored 1 sessions!
2025-08-25 17:23:23.227 [info] Login success!
2025-08-25 17:23:23.230 [info] Getting sessions for all scopes...
2025-08-25 17:23:23.239 [info] Got stored sessions!
2025-08-25 17:23:23.240 [info] Got 1 verified sessions.
2025-08-25 17:23:23.240 [info] Got 1 sessions for ...
2025-08-25 17:23:23.240 [info] Getting sessions for all scopes...
2025-08-25 17:23:23.240 [info] Got 1 sessions for ...
2025-08-25 17:23:23.240 [info] Getting sessions for all scopes...
2025-08-25 17:23:23.240 [info] Got 1 sessions for ...
2025-08-25 17:23:23.240 [info] Getting sessions for all scopes...
2025-08-25 17:23:23.240 [info] Got 1 sessions for ...
2025-08-25 17:23:23.241 [info] Getting sessions for all scopes...
2025-08-25 17:23:23.241 [info] Got 1 sessions for ...
2025-08-25 17:23:23.242 [info] Getting sessions for all scopes...
2025-08-25 17:23:23.242 [info] Got 1 sessions for ...
