2025-08-25 17:24:26.167 [info] Reading sessions from keychain...
2025-08-25 17:24:26.167 [info] Getting sessions for all scopes...
2025-08-25 17:24:26.345 [info] Got stored sessions!
2025-08-25 17:24:26.345 [info] Got 1 verified sessions.
2025-08-25 17:24:26.345 [info] Got 1 sessions for ...
2025-08-25 17:24:26.345 [info] Getting sessions for all scopes...
2025-08-25 17:24:26.345 [info] Got 1 sessions for ...
2025-08-25 17:24:26.346 [info] Getting sessions for all scopes...
2025-08-25 17:24:26.346 [info] Got 1 sessions for ...
2025-08-25 17:24:26.346 [info] Getting sessions for all scopes...
2025-08-25 17:24:26.346 [info] Got 1 sessions for ...
2025-08-25 17:24:26.346 [info] Getting sessions for all scopes...
2025-08-25 17:24:26.346 [info] Got 1 sessions for ...
2025-08-25 17:24:26.347 [info] Getting sessions for all scopes...
2025-08-25 17:24:26.347 [info] Got 1 sessions for ...
2025-08-25 17:24:26.347 [info] Getting sessions for all scopes...
2025-08-25 17:24:26.347 [info] Got 1 sessions for ...
2025-08-25 17:24:26.485 [info] Getting sessions for all scopes...
2025-08-25 17:24:26.485 [info] Got 1 sessions for ...
2025-08-25 17:24:26.486 [info] Getting sessions for all scopes...
2025-08-25 17:24:26.486 [info] Got 1 sessions for ...
2025-08-25 17:24:26.488 [info] Getting sessions for all scopes...
2025-08-25 17:24:26.488 [info] Got 1 sessions for ...
2025-08-25 17:24:26.488 [info] Getting sessions for all scopes...
2025-08-25 17:24:26.488 [info] Got 1 sessions for ...
2025-08-25 17:24:26.488 [info] Getting sessions for all scopes...
2025-08-25 17:24:26.489 [info] Got 1 sessions for ...
2025-08-25 17:24:26.489 [info] Getting sessions for all scopes...
2025-08-25 17:24:26.489 [info] Got 1 sessions for ...
2025-08-25 17:24:26.571 [info] Getting sessions for all scopes...
2025-08-25 17:24:26.572 [info] Got 1 sessions for ...
2025-08-25 17:24:28.070 [info] Getting sessions for all scopes...
2025-08-25 17:24:28.070 [info] Got 1 sessions for ...
2025-08-25 17:24:28.464 [info] Getting sessions for all scopes...
2025-08-25 17:24:28.464 [info] Got 1 sessions for ...
2025-08-25 17:24:28.464 [info] Getting sessions for all scopes...
2025-08-25 17:24:28.464 [info] Got 1 sessions for ...
2025-08-25 17:24:28.469 [info] Getting sessions for all scopes...
2025-08-25 17:24:28.469 [info] Got 1 sessions for ...
2025-08-25 17:24:38.909 [info] Getting sessions for read:user,repo,user:email,workflow...
2025-08-25 17:24:38.909 [info] Got 1 sessions for read:user,repo,user:email,workflow...
2025-08-25 17:24:52.346 [info] Getting sessions for read:user,repo,user:email,workflow...
2025-08-25 17:24:52.346 [info] Got 1 sessions for read:user,repo,user:email,workflow...
