2025-08-25 17:24:26.743 [info] [main] Log level: Info
2025-08-25 17:24:26.743 [info] [main] Validating found git in: "git"
2025-08-25 17:24:26.743 [info] [main] Using git "2.43.0" from "git"
2025-08-25 17:24:26.743 [info] [Model][doInitialScan] Initial repository scan started
2025-08-25 17:24:26.743 [info] > git rev-parse --show-toplevel [22ms]
2025-08-25 17:24:26.743 [info] [Model][doInitialScan] Initial repository scan completed - repositories (0), closed repositories (0), parent repositories (1), unsafe repositories (0)
2025-08-25 17:24:32.654 [info] > git rev-parse --show-toplevel [3ms]
2025-08-25 17:24:32.674 [info] > git rev-parse --git-dir --git-common-dir [4ms]
2025-08-25 17:24:32.695 [info] [Model][openRepository] Opened repository (path): /home/ruheena-shaik
2025-08-25 17:24:32.695 [info] [Model][openRepository] Opened repository (real path): /home/ruheena-shaik
2025-08-25 17:24:32.716 [info] > git config --get commit.template [4ms]
2025-08-25 17:24:32.733 [info] > git for-each-ref --format=%(refname)%00%(upstream:short)%00%(objectname)%00%(upstream:track)%00%(upstream:remotename)%00%(upstream:remoteref) refs/heads/main refs/remotes/main [3ms]
2025-08-25 17:24:32.760 [info] > git for-each-ref --sort -committerdate --format %(refname)%00%(objectname)%00%(*objectname) [3ms]
2025-08-25 17:24:33.201 [info] > git show --textconv :Downloads/git.txt [22ms]
2025-08-25 17:24:33.223 [info] > git ls-files --stage -- Downloads/git.txt [24ms]
2025-08-25 17:24:33.244 [info] > git hash-object -t tree /dev/null [25ms]
2025-08-25 17:24:33.245 [warning] [GitFileSystemProvider][readFile] File not found - git:/home/ruheena-shaik/Downloads/git.txt.git?%7B%22path%22%3A%22%2Fhome%2Fruheena-shaik%2FDownloads%2Fgit.txt%22%2C%22ref%22%3A%22%22%7D
2025-08-25 17:24:33.247 [info] > git hash-object -t tree /dev/null [6ms]
2025-08-25 17:24:33.248 [warning] [GitFileSystemProvider][stat] File not found - git:/home/ruheena-shaik/Downloads/git.txt.git?%7B%22path%22%3A%22%2Fhome%2Fruheena-shaik%2FDownloads%2Fgit.txt%22%2C%22ref%22%3A%22%22%7D
2025-08-25 17:24:33.304 [info] > git blame --root --incremental 8dce66c324183ae201d15803d6d95c72ca0dbd1a -- Downloads/git.txt [11ms]
2025-08-25 17:24:33.304 [info] fatal: no such path Downloads/git.txt in 8dce66c324183ae201d15803d6d95c72ca0dbd1a
2025-08-25 17:24:33.659 [info] > git status -z -uall [914ms] (cancelled)
2025-08-25 17:24:36.010 [info] > git for-each-ref --format=%(refname)%00%(upstream:short)%00%(objectname)%00%(upstream:track)%00%(upstream:remotename)%00%(upstream:remoteref) refs/heads/main refs/remotes/main [2363ms]
2025-08-25 17:24:36.065 [info] > git check-ignore -v -z --stdin [2384ms]
2025-08-25 17:24:36.072 [info] > git config --get --local branch.main.vscode-merge-base [32ms]
2025-08-25 17:24:36.072 [warning] [Git][config] git config failed: Failed to execute git
2025-08-25 17:24:36.106 [info] > git config --get commit.template [112ms]
2025-08-25 17:24:36.113 [info] > git reflog main --grep-reflog=branch: Created from *. [8ms]
2025-08-25 17:24:36.157 [info] > git symbolic-ref --short refs/remotes/origin/HEAD [26ms]
2025-08-25 17:24:36.158 [info] fatal: ref refs/remotes/origin/HEAD is not a symbolic ref
2025-08-25 17:24:36.158 [warning] [Repository][getDefaultBranch] Failed to get default branch details: Failed to execute git.
2025-08-25 17:24:36.191 [info] > git for-each-ref --format=%(refname)%00%(upstream:short)%00%(objectname)%00%(upstream:track)%00%(upstream:remotename)%00%(upstream:remoteref) refs/heads/main refs/remotes/main [36ms]
2025-08-25 17:24:36.194 [info] > git merge-base refs/heads/main refs/remotes/origin/main [10ms]
2025-08-25 17:24:36.266 [info] > git diff --name-status -z --diff-filter=ADMR 8dce66c324183ae201d15803d6d95c72ca0dbd1a...refs/remotes/origin/main [50ms]
2025-08-25 17:24:36.270 [info] > git for-each-ref --sort -committerdate --format %(refname)%00%(objectname)%00%(*objectname) [7ms]
2025-08-25 17:24:38.870 [info] > git status -z -uall [2631ms] (cancelled)
2025-08-25 17:24:38.943 [info] > git log --format=%H%n%aN%n%aE%n%at%n%ct%n%P%n%D%n%B -z --shortstat --diff-merges=first-parent -n50 --skip=0 --topo-order --decorate=full --stdin [12ms]
2025-08-25 17:24:39.443 [info] > git check-ignore -v -z --stdin [5ms]
2025-08-25 17:24:53.176 [info] > git push origin main:main [1727ms]
2025-08-25 17:24:53.176 [info] Everything up-to-date
2025-08-25 17:24:53.219 [info] > git config --get commit.template [20ms]
2025-08-25 17:24:53.220 [info] > git for-each-ref --format=%(refname)%00%(upstream:short)%00%(objectname)%00%(upstream:track)%00%(upstream:remotename)%00%(upstream:remoteref) refs/heads/main refs/remotes/main [3ms]
2025-08-25 17:24:53.265 [info] > git for-each-ref --sort -committerdate --format %(refname)%00%(objectname)%00%(*objectname) [5ms]
2025-08-25 17:24:53.506 [info] > git status -z -uall [267ms] (cancelled)
